<?xml version="1.0" encoding="UTF-8"?>
<!-- Generated by org.testng.reporters.JUnitReportReporter -->
<testsuite skipped="0" hostname="DESKTOP-PJJBKB6" name="com.thpTravels.TestCases.VerifyLogin" tests="1" failures="0" timestamp="25 Nov 2017 05:35:59 GMT" time="47.330" errors="0">
  <testcase name="verifyValidLogin" time="47.330" classname="com.thpTravels.TestCases.VerifyLogin"/>
</testsuite> <!-- com.thpTravels.TestCases.VerifyLogin -->
