<?xml version="1.0" encoding="UTF-8"?>
<!-- Generated by org.testng.reporters.JUnitReportReporter -->
<testsuite skipped="0" hostname="DESKTOP-PJJBKB6" name="com.thpTravels.TestCases.VerifyLoginToPHP" tests="1" failures="0" timestamp="26 Nov 2017 10:37:22 GMT" time="70.209" errors="0">
  <testcase name="checkValidUser" time="70.209" classname="com.thpTravels.TestCases.VerifyLoginToPHP"/>
</testsuite> <!-- com.thpTravels.TestCases.VerifyLoginToPHP -->
