<?xml version="1.0" encoding="UTF-8"?>
<!-- Generated by org.testng.reporters.JUnitReportReporter -->
<testsuite skipped="0" hostname="DESKTOP-PJJBKB6" name="com.thpTravels.TestCases.VerifyLogin2" tests="1" failures="0" timestamp="25 Nov 2017 07:45:47 GMT" time="54.460" errors="0">
  <testcase name="verifyValidLogin" time="54.460" classname="com.thpTravels.TestCases.VerifyLogin2"/>
</testsuite> <!-- com.thpTravels.TestCases.VerifyLogin2 -->
