<?xml version="1.0" encoding="UTF-8"?>
<!-- Generated by org.testng.reporters.JUnitReportReporter -->
<testsuite skipped="0" hostname="DESKTOP-PJJBKB6" name="Exercise.JenkinsDemo" tests="1" failures="0" timestamp="19 Nov 2017 13:39:32 GMT" time="29.823" errors="0">
  <testcase name="f" time="29.823" classname="Exercise.JenkinsDemo"/>
</testsuite> <!-- Exercise.JenkinsDemo -->
